# JRE version: OpenJDK Runtime Environment (8.0_202-b03) (build 1.8.0_202-release-1483-b03)
# Java VM: OpenJDK 64-Bit Server VM (25.202-b03 mixed mode windows-amd64 compressed oops)
Heap:
 PSYoungGen      total 188416K, used 99232K [0x00000000e0000000, 0x00000000ed600000, 0x0000000100000000)
  eden space 176128K, 49% used [0x00000000e0000000,0x00000000e54efec8,0x00000000eac00000)
  from space 12288K, 99% used [0x00000000ec400000,0x00000000ecff8148,0x00000000ed000000)
  to   space 21504K, 0% used [0x00000000eac00000,0x00000000eac00000,0x00000000ec100000)
 ParOldGen       total 122880K, used 61515K [0x00000000a0000000, 0x00000000a7800000, 0x00000000e0000000)
  object space 122880K, 50% used [0x00000000a0000000,0x00000000a3c12d38,0x00000000a7800000)
 Metaspace       used 82706K, capacity 86896K, committed 87060K, reserved 1124352K
  class space    used 10619K, capacity 11496K, committed 11580K, reserved 1048576K
GC Heap History (10 events):
Event: 281.221 GC heap before
{Heap before GC invocations=19 (full 3):
 PSYoungGen      total 141312K, used 136515K [0x00000000e0000000, 0x00000000ec080000, 0x0000000100000000)
  eden space 125952K, 100% used [0x00000000e0000000,0x00000000e7b00000,0x00000000e7b00000)
  from space 15360K, 68% used [0x00000000e7b00000,0x00000000e8550dd0,0x00000000e8a00000)
  to   space 15360K, 0% used [0x00000000eb180000,0x00000000eb180000,0x00000000ec080000)
 ParOldGen       total 122880K, used 35541K [0x00000000a0000000, 0x00000000a7800000, 0x00000000e0000000)
  object space 122880K, 28% used [0x00000000a0000000,0x00000000a22b5708,0x00000000a7800000)
 Metaspace       used 68896K, capacity 71718K, committed 72084K, reserved 1112064K
  class space    used 9237K, capacity 9812K, committed 9916K, reserved 1048576K
Event: 281.239 GC heap after
Heap after GC invocations=19 (full 3):
 PSYoungGen      total 177664K, used 9740K [0x00000000e0000000, 0x00000000ebe80000, 0x0000000100000000)
  eden space 164352K, 0% used [0x00000000e0000000,0x00000000e0000000,0x00000000ea080000)
  from space 13312K, 73% used [0x00000000eb180000,0x00000000ebb03138,0x00000000ebe80000)
  to   space 15360K, 0% used [0x00000000ea080000,0x00000000ea080000,0x00000000eaf80000)
 ParOldGen       total 122880K, used 41220K [0x00000000a0000000, 0x00000000a7800000, 0x00000000e0000000)
  object space 122880K, 33% used [0x00000000a0000000,0x00000000a28410a8,0x00000000a7800000)
 Metaspace       used 68896K, capacity 71718K, committed 72084K, reserved 1112064K
  class space    used 9237K, capacity 9812K, committed 9916K, reserved 1048576K
}
Event: 453.616 GC heap before
{Heap before GC invocations=20 (full 3):
 PSYoungGen      total 177664K, used 174092K [0x00000000e0000000, 0x00000000ebe80000, 0x0000000100000000)
  eden space 164352K, 100% used [0x00000000e0000000,0x00000000ea080000,0x00000000ea080000)
  from space 13312K, 73% used [0x00000000eb180000,0x00000000ebb03138,0x00000000ebe80000)
  to   space 15360K, 0% used [0x00000000ea080000,0x00000000ea080000,0x00000000eaf80000)
 ParOldGen       total 122880K, used 41220K [0x00000000a0000000, 0x00000000a7800000, 0x00000000e0000000)
  object space 122880K, 33% used [0x00000000a0000000,0x00000000a28410a8,0x00000000a7800000)
 Metaspace       used 73524K, capacity 76652K, committed 76820K, reserved 1116160K
  class space    used 9572K, capacity 10198K, committed 10300K, reserved 1048576K
Event: 453.633 GC heap after
Heap after GC invocations=20 (full 3):
 PSYoungGen      total 179712K, used 5175K [0x00000000e0000000, 0x00000000eda80000, 0x0000000100000000)
  eden space 164352K, 0% used [0x00000000e0000000,0x00000000e0000000,0x00000000ea080000)
  from space 15360K, 33% used [0x00000000ea080000,0x00000000ea58dc10,0x00000000eaf80000)
  to   space 15360K, 0% used [0x00000000ecb80000,0x00000000ecb80000,0x00000000eda80000)
 ParOldGen       total 122880K, used 47756K [0x00000000a0000000, 0x00000000a7800000, 0x00000000e0000000)
  object space 122880K, 38% used [0x00000000a0000000,0x00000000a2ea3248,0x00000000a7800000)
 Metaspace       used 73524K, capacity 76652K, committed 76820K, reserved 1116160K
  class space    used 9572K, capacity 10198K, committed 10300K, reserved 1048576K
}
Event: 789.115 GC heap before
{Heap before GC invocations=21 (full 3):
 PSYoungGen      total 179712K, used 169527K [0x00000000e0000000, 0x00000000eda80000, 0x0000000100000000)
  eden space 164352K, 100% used [0x00000000e0000000,0x00000000ea080000,0x00000000ea080000)
  from space 15360K, 33% used [0x00000000ea080000,0x00000000ea58dc10,0x00000000eaf80000)
  to   space 15360K, 0% used [0x00000000ecb80000,0x00000000ecb80000,0x00000000eda80000)
 ParOldGen       total 122880K, used 47756K [0x00000000a0000000, 0x00000000a7800000, 0x00000000e0000000)
  object space 122880K, 38% used [0x00000000a0000000,0x00000000a2ea3248,0x00000000a7800000)
 Metaspace       used 74833K, capacity 78692K, committed 78868K, reserved 1118208K
  class space    used 9701K, capacity 10442K, committed 10556K, reserved 1048576K
Event: 789.125 GC heap after
Heap after GC invocations=21 (full 3):
 PSYoungGen      total 198144K, used 7792K [0x00000000e0000000, 0x00000000ed500000, 0x0000000100000000)
  eden space 188416K, 0% used [0x00000000e0000000,0x00000000e0000000,0x00000000eb800000)
  from space 9728K, 80% used [0x00000000ecb80000,0x00000000ed31c020,0x00000000ed500000)
  to   space 14848K, 0% used [0x00000000eb800000,0x00000000eb800000,0x00000000ec680000)
 ParOldGen       total 122880K, used 47764K [0x00000000a0000000, 0x00000000a7800000, 0x00000000e0000000)
  object space 122880K, 38% used [0x00000000a0000000,0x00000000a2ea5248,0x00000000a7800000)
 Metaspace       used 74833K, capacity 78692K, committed 78868K, reserved 1118208K
  class space    used 9701K, capacity 10442K, committed 10556K, reserved 1048576K
}
Event: 2298.707 GC heap before
{Heap before GC invocations=22 (full 3):
 PSYoungGen      total 198144K, used 196208K [0x00000000e0000000, 0x00000000ed500000, 0x0000000100000000)
  eden space 188416K, 100% used [0x00000000e0000000,0x00000000eb800000,0x00000000eb800000)
  from space 9728K, 80% used [0x00000000ecb80000,0x00000000ed31c020,0x00000000ed500000)
  to   space 14848K, 0% used [0x00000000eb800000,0x00000000eb800000,0x00000000ec680000)
 ParOldGen       total 122880K, used 47764K [0x00000000a0000000, 0x00000000a7800000, 0x00000000e0000000)
  object space 122880K, 38% used [0x00000000a0000000,0x00000000a2ea5248,0x00000000a7800000)
 Metaspace       used 76279K, capacity 80352K, committed 80660K, reserved 1120256K
  class space    used 9858K, capacity 10692K, committed 10812K, reserved 1048576K
Event: 2298.784 GC heap after
Heap after GC invocations=22 (full 3):
 PSYoungGen      total 194560K, used 12076K [0x00000000e0000000, 0x00000000ed000000, 0x0000000100000000)
  eden space 182272K, 0% used [0x00000000e0000000,0x00000000e0000000,0x00000000eb200000)
  from space 12288K, 98% used [0x00000000eb800000,0x00000000ec3cb258,0x00000000ec400000)
  to   space 12288K, 0% used [0x00000000ec400000,0x00000000ec400000,0x00000000ed000000)
 ParOldGen       total 122880K, used 47772K [0x00000000a0000000, 0x00000000a7800000, 0x00000000e0000000)
  object space 122880K, 38% used [0x00000000a0000000,0x00000000a2ea7248,0x00000000a7800000)
 Metaspace       used 76279K, capacity 80352K, committed 80660K, reserved 1120256K
  class space    used 9858K, capacity 10692K, committed 10812K, reserved 1048576K
}
Event: 4306.783 GC heap before
{Heap before GC invocations=23 (full 3):
 PSYoungGen      total 194560K, used 194348K [0x00000000e0000000, 0x00000000ed000000, 0x0000000100000000)
  eden space 182272K, 100% used [0x00000000e0000000,0x00000000eb200000,0x00000000eb200000)
  from space 12288K, 98% used [0x00000000eb800000,0x00000000ec3cb258,0x00000000ec400000)
  to   space 12288K, 0% used [0x00000000ec400000,0x00000000ec400000,0x00000000ed000000)
 ParOldGen       total 122880K, used 47772K [0x00000000a0000000, 0x00000000a7800000, 0x00000000e0000000)
  object space 122880K, 38% used [0x00000000a0000000,0x00000000a2ea7248,0x00000000a7800000)
 Metaspace       used 82481K, capacity 86590K, committed 86804K, reserved 1124352K
  class space    used 10606K, capacity 11479K, committed 11580K, reserved 1048576K
Event: 4306.945 GC heap after
Heap after GC invocations=23 (full 3):
 PSYoungGen      total 188416K, used 12256K [0x00000000e0000000, 0x00000000ed600000, 0x0000000100000000)
  eden space 176128K, 0% used [0x00000000e0000000,0x00000000e0000000,0x00000000eac00000)
  from space 12288K, 99% used [0x00000000ec400000,0x00000000ecff8148,0x00000000ed000000)
  to   space 21504K, 0% used [0x00000000eac00000,0x00000000eac00000,0x00000000ec100000)
 ParOldGen       total 122880K, used 61515K [0x00000000a0000000, 0x00000000a7800000, 0x00000000e0000000)
  object space 122880K, 50% used [0x00000000a0000000,0x00000000a3c12d38,0x00000000a7800000)
 Metaspace       used 82481K, capacity 86590K, committed 86804K, reserved 1124352K
  class space    used 10606K, capacity 11479K, committed 11580K, reserved 1048576K
}

